mode: set
github.com/maslow123/buddyku-users/pkg/services/users.go:14.102,15.20 1 1
github.com/maslow123/buddyku-users/pkg/services/users.go:18.2,18.24 1 1
github.com/maslow123/buddyku-users/pkg/services/users.go:21.2,21.24 1 1
github.com/maslow123/buddyku-users/pkg/services/users.go:24.2,24.50 1 1
github.com/maslow123/buddyku-users/pkg/services/users.go:28.2,38.20 6 1
github.com/maslow123/buddyku-users/pkg/services/users.go:42.2,57.16 5 1
github.com/maslow123/buddyku-users/pkg/services/users.go:62.2,62.48 1 1
github.com/maslow123/buddyku-users/pkg/services/users.go:15.20,17.3 1 1
github.com/maslow123/buddyku-users/pkg/services/users.go:18.24,20.3 1 1
github.com/maslow123/buddyku-users/pkg/services/users.go:21.24,23.3 1 1
github.com/maslow123/buddyku-users/pkg/services/users.go:24.50,26.3 1 1
github.com/maslow123/buddyku-users/pkg/services/users.go:38.20,40.3 1 1
github.com/maslow123/buddyku-users/pkg/services/users.go:57.16,60.3 2 0
github.com/maslow123/buddyku-users/pkg/services/users.go:65.94,66.24 1 1
github.com/maslow123/buddyku-users/pkg/services/users.go:69.2,69.24 1 1
github.com/maslow123/buddyku-users/pkg/services/users.go:73.2,88.16 6 1
github.com/maslow123/buddyku-users/pkg/services/users.go:96.2,97.12 2 1
github.com/maslow123/buddyku-users/pkg/services/users.go:101.2,108.18 3 1
github.com/maslow123/buddyku-users/pkg/services/users.go:66.24,68.3 1 1
github.com/maslow123/buddyku-users/pkg/services/users.go:69.24,71.3 1 1
github.com/maslow123/buddyku-users/pkg/services/users.go:88.16,90.27 2 1
github.com/maslow123/buddyku-users/pkg/services/users.go:93.3,93.75 1 0
github.com/maslow123/buddyku-users/pkg/services/users.go:90.27,92.4 1 1
github.com/maslow123/buddyku-users/pkg/services/users.go:97.12,99.3 1 1
github.com/maslow123/buddyku-users/pkg/services/users.go:111.103,114.16 2 0
github.com/maslow123/buddyku-users/pkg/services/users.go:121.2,124.8 1 0
github.com/maslow123/buddyku-users/pkg/services/users.go:114.16,119.3 1 0
github.com/maslow123/buddyku-users/pkg/services/users.go:127.111,128.20 1 1
github.com/maslow123/buddyku-users/pkg/services/users.go:131.2,131.19 1 1
github.com/maslow123/buddyku-users/pkg/services/users.go:135.2,144.16 4 1
github.com/maslow123/buddyku-users/pkg/services/users.go:152.2,154.18 2 1
github.com/maslow123/buddyku-users/pkg/services/users.go:173.2,173.37 1 1
github.com/maslow123/buddyku-users/pkg/services/users.go:177.2,177.35 1 1
github.com/maslow123/buddyku-users/pkg/services/users.go:181.2,181.21 1 1
github.com/maslow123/buddyku-users/pkg/services/users.go:185.2,188.18 3 1
github.com/maslow123/buddyku-users/pkg/services/users.go:128.20,130.3 1 1
github.com/maslow123/buddyku-users/pkg/services/users.go:131.19,133.3 1 1
github.com/maslow123/buddyku-users/pkg/services/users.go:144.16,146.27 2 0
github.com/maslow123/buddyku-users/pkg/services/users.go:149.3,149.82 1 0
github.com/maslow123/buddyku-users/pkg/services/users.go:146.27,148.4 1 0
github.com/maslow123/buddyku-users/pkg/services/users.go:154.18,162.17 3 1
github.com/maslow123/buddyku-users/pkg/services/users.go:167.3,170.31 3 1
github.com/maslow123/buddyku-users/pkg/services/users.go:162.17,165.4 2 0
github.com/maslow123/buddyku-users/pkg/services/users.go:173.37,175.3 1 0
github.com/maslow123/buddyku-users/pkg/services/users.go:177.35,179.3 1 0
github.com/maslow123/buddyku-users/pkg/services/users.go:181.21,183.3 1 1
github.com/maslow123/buddyku-users/pkg/services/users.go:191.111,192.20 1 1
github.com/maslow123/buddyku-users/pkg/services/users.go:195.2,195.19 1 1
github.com/maslow123/buddyku-users/pkg/services/users.go:199.2,211.16 4 1
github.com/maslow123/buddyku-users/pkg/services/users.go:219.2,221.18 2 1
github.com/maslow123/buddyku-users/pkg/services/users.go:241.2,241.37 1 1
github.com/maslow123/buddyku-users/pkg/services/users.go:245.2,245.35 1 1
github.com/maslow123/buddyku-users/pkg/services/users.go:249.2,249.21 1 1
github.com/maslow123/buddyku-users/pkg/services/users.go:253.2,256.18 3 1
github.com/maslow123/buddyku-users/pkg/services/users.go:192.20,194.3 1 1
github.com/maslow123/buddyku-users/pkg/services/users.go:195.19,197.3 1 1
github.com/maslow123/buddyku-users/pkg/services/users.go:211.16,213.27 2 0
github.com/maslow123/buddyku-users/pkg/services/users.go:216.3,216.82 1 0
github.com/maslow123/buddyku-users/pkg/services/users.go:213.27,215.4 1 0
github.com/maslow123/buddyku-users/pkg/services/users.go:221.18,230.17 3 1
github.com/maslow123/buddyku-users/pkg/services/users.go:235.3,238.31 3 1
github.com/maslow123/buddyku-users/pkg/services/users.go:230.17,233.4 2 0
github.com/maslow123/buddyku-users/pkg/services/users.go:241.37,243.3 1 0
github.com/maslow123/buddyku-users/pkg/services/users.go:245.35,247.3 1 0
github.com/maslow123/buddyku-users/pkg/services/users.go:249.21,251.3 1 1
github.com/maslow123/buddyku-users/pkg/services/users.go:259.102,260.24 1 1
github.com/maslow123/buddyku-users/pkg/services/users.go:263.2,263.21 1 1
github.com/maslow123/buddyku-users/pkg/services/users.go:266.2,266.20 1 1
github.com/maslow123/buddyku-users/pkg/services/users.go:270.2,271.16 2 1
github.com/maslow123/buddyku-users/pkg/services/users.go:275.2,275.16 1 1
github.com/maslow123/buddyku-users/pkg/services/users.go:280.2,281.16 2 1
github.com/maslow123/buddyku-users/pkg/services/users.go:285.2,285.16 1 1
github.com/maslow123/buddyku-users/pkg/services/users.go:290.2,297.16 3 1
github.com/maslow123/buddyku-users/pkg/services/users.go:302.2,303.18 2 1
github.com/maslow123/buddyku-users/pkg/services/users.go:260.24,262.3 1 1
github.com/maslow123/buddyku-users/pkg/services/users.go:263.21,265.3 1 1
github.com/maslow123/buddyku-users/pkg/services/users.go:266.20,268.3 1 1
github.com/maslow123/buddyku-users/pkg/services/users.go:271.16,274.3 2 0
github.com/maslow123/buddyku-users/pkg/services/users.go:275.16,277.3 1 1
github.com/maslow123/buddyku-users/pkg/services/users.go:281.16,284.3 2 0
github.com/maslow123/buddyku-users/pkg/services/users.go:285.16,287.3 1 1
github.com/maslow123/buddyku-users/pkg/services/users.go:297.16,300.3 2 0
github.com/maslow123/buddyku-users/pkg/services/users.go:306.88,315.16 5 1
github.com/maslow123/buddyku-users/pkg/services/users.go:319.2,319.19 1 1
github.com/maslow123/buddyku-users/pkg/services/users.go:315.16,317.3 1 0
github.com/maslow123/buddyku-users/pkg/services/users.go:322.92,331.16 5 1
github.com/maslow123/buddyku-users/pkg/services/users.go:335.2,335.19 1 1
github.com/maslow123/buddyku-users/pkg/services/users.go:331.16,333.3 1 0
github.com/maslow123/buddyku-users/pkg/services/response.go:5.88,10.2 1 1
github.com/maslow123/buddyku-users/pkg/services/response.go:12.91,17.2 1 1
github.com/maslow123/buddyku-users/pkg/services/response.go:19.101,24.2 1 1
